This file contains any messages produced by compilers while
running configure, to aid debugging if configure makes a mistake.

It was created by GNU Hello configure 2.2, which was
generated by GNU Autoconf 2.61.  Invocation command line was

  $ ./configure 

## --------- ##
## Platform. ##
## --------- ##

hostname = craigyang-virtual-machine
uname -m = x86_64
uname -r = 5.4.0-132-generic
uname -s = Linux
uname -v = #148-Ubuntu SMP Mon Oct 17 16:02:06 UTC 2022

/usr/bin/uname -p = x86_64
/bin/uname -X     = unknown

/bin/arch              = x86_64
/usr/bin/arch -k       = unknown
/usr/convex/getsysinfo = unknown
/usr/bin/hostinfo      = unknown
/bin/machine           = unknown
/usr/bin/oslevel       = unknown
/bin/universe          = unknown

PATH: /bin
PATH: /sbin/
PATH: /home/craigyang/bin
PATH: /home/craigyang/.local/bin
PATH: /usr/local/bin
PATH: /usr/local/go/bin
PATH: /usr/local/sbin
PATH: /usr/local/bin
PATH: /usr/sbin
PATH: /usr/bin
PATH: /sbin
PATH: /bin
PATH: /usr/games
PATH: /usr/local/games
PATH: /snap/bin
PATH: /home/craigyang/.fzf/bin


## ----------- ##
## Core tests. ##
## ----------- ##

configure:1831: checking for a BSD-compatible install
configure:1887: result: /bin/install -c
configure:1898: checking whether build environment is sane
configure:1941: result: yes
configure:1969: checking for a thread-safe mkdir -p
configure:2008: result: /bin/mkdir -p
configure:2021: checking for gawk
configure:2037: found /bin/gawk
configure:2048: result: gawk
configure:2059: checking whether make sets $(MAKE)
configure:2080: result: yes
configure:2325: checking for gcc
configure:2341: found /bin/gcc
configure:2352: result: gcc
configure:2590: checking for C compiler version
configure:2597: gcc --version >&5
gcc (Ubuntu 9.4.0-1ubuntu1~20.04.1) 9.4.0
Copyright (C) 2019 Free Software Foundation, Inc.
This is free software; see the source for copying conditions.  There is NO
warranty; not even for MERCHANTABILITY or FITNESS FOR A PARTICULAR PURPOSE.

configure:2600: $? = 0
configure:2607: gcc -v >&5
Using built-in specs.
COLLECT_GCC=gcc
COLLECT_LTO_WRAPPER=/usr/lib/gcc/x86_64-linux-gnu/9/lto-wrapper
OFFLOAD_TARGET_NAMES=nvptx-none:hsa
OFFLOAD_TARGET_DEFAULT=1
Target: x86_64-linux-gnu
Configured with: ../src/configure -v --with-pkgversion='Ubuntu 9.4.0-1ubuntu1~20.04.1' --with-bugurl=file:///usr/share/doc/gcc-9/README.Bugs --enable-languages=c,ada,c++,go,brig,d,fortran,objc,obj-c++,gm2 --prefix=/usr --with-gcc-major-version-only --program-suffix=-9 --program-prefix=x86_64-linux-gnu- --enable-shared --enable-linker-build-id --libexecdir=/usr/lib --without-included-gettext --enable-threads=posix --libdir=/usr/lib --enable-nls --enable-clocale=gnu --enable-libstdcxx-debug --enable-libstdcxx-time=yes --with-default-libstdcxx-abi=new --enable-gnu-unique-object --disable-vtable-verify --enable-plugin --enable-default-pie --with-system-zlib --with-target-system-zlib=auto --enable-objc-gc=auto --enable-multiarch --disable-werror --with-arch-32=i686 --with-abi=m64 --with-multilib-list=m32,m64,mx32 --enable-multilib --with-tune=generic --enable-offload-targets=nvptx-none=/build/gcc-9-Av3uEd/gcc-9-9.4.0/debian/tmp-nvptx/usr,hsa --without-cuda-driver --enable-checking=release --build=x86_64-linux-gnu --host=x86_64-linux-gnu --target=x86_64-linux-gnu
Thread model: posix
gcc version 9.4.0 (Ubuntu 9.4.0-1ubuntu1~20.04.1) 
configure:2610: $? = 0
configure:2617: gcc -V >&5
gcc: error: unrecognized command line option '-V'
gcc: fatal error: no input files
compilation terminated.
configure:2620: $? = 1
configure:2643: checking for C compiler default output file name
configure:2670: gcc    conftest.c  >&5
configure:2673: $? = 0
configure:2711: result: a.out
configure:2728: checking whether the C compiler works
configure:2738: ./a.out
configure:2741: $? = 0
configure:2758: result: yes
configure:2765: checking whether we are cross compiling
configure:2767: result: no
configure:2770: checking for suffix of executables
configure:2777: gcc -o conftest    conftest.c  >&5
configure:2780: $? = 0
configure:2804: result: 
configure:2810: checking for suffix of object files
configure:2836: gcc -c   conftest.c >&5
configure:2839: $? = 0
configure:2862: result: o
configure:2866: checking whether we are using the GNU C compiler
configure:2895: gcc -c   conftest.c >&5
configure:2901: $? = 0
configure:2918: result: yes
configure:2923: checking whether gcc accepts -g
configure:2953: gcc -c -g  conftest.c >&5
configure:2959: $? = 0
configure:3058: result: yes
configure:3075: checking for gcc option to accept ISO C89
configure:3149: gcc  -c -g -O2  conftest.c >&5
configure:3155: $? = 0
configure:3178: result: none needed
configure:3207: checking for style of include used by make
configure:3235: result: GNU
configure:3260: checking dependency style of gcc
configure:3351: result: gcc3
configure:3413: checking for ranlib
configure:3429: found /bin/ranlib
configure:3440: result: ranlib
configure:3478: checking build system type
configure:3496: result: x86_64-unknown-linux-gnu
configure:3518: checking host system type
configure:3533: result: x86_64-unknown-linux-gnu
configure:3605: checking how to run the C preprocessor
configure:3645: gcc -E  conftest.c
configure:3651: $? = 0
configure:3682: gcc -E  conftest.c
conftest.c:11:10: fatal error: ac_nonexistent.h: No such file or directory
   11 | #include <ac_nonexistent.h>
      |          ^~~~~~~~~~~~~~~~~~
compilation terminated.
configure:3688: $? = 1
configure: failed program was:
| /* confdefs.h.  */
| #define PACKAGE_NAME "GNU Hello"
| #define PACKAGE_TARNAME "hello"
| #define PACKAGE_VERSION "2.2"
| #define PACKAGE_STRING "GNU Hello 2.2"
| #define PACKAGE_BUGREPORT "bug-hello@gnu.org"
| #define PACKAGE "hello"
| #define VERSION "2.2"
| #define _GNU_SOURCE 1
| /* end confdefs.h.  */
| #include <ac_nonexistent.h>
configure:3721: result: gcc -E
configure:3750: gcc -E  conftest.c
configure:3756: $? = 0
configure:3787: gcc -E  conftest.c
conftest.c:11:10: fatal error: ac_nonexistent.h: No such file or directory
   11 | #include <ac_nonexistent.h>
      |          ^~~~~~~~~~~~~~~~~~
compilation terminated.
configure:3793: $? = 1
configure: failed program was:
| /* confdefs.h.  */
| #define PACKAGE_NAME "GNU Hello"
| #define PACKAGE_TARNAME "hello"
| #define PACKAGE_VERSION "2.2"
| #define PACKAGE_STRING "GNU Hello 2.2"
| #define PACKAGE_BUGREPORT "bug-hello@gnu.org"
| #define PACKAGE "hello"
| #define VERSION "2.2"
| #define _GNU_SOURCE 1
| /* end confdefs.h.  */
| #include <ac_nonexistent.h>
configure:3831: checking for grep that handles long lines and -e
configure:3905: result: /bin/grep
configure:3910: checking for egrep
configure:3988: result: /bin/grep -E
configure:3993: checking for ANSI C header files
configure:4023: gcc -c -g -O2  conftest.c >&5
configure:4029: $? = 0
configure:4128: gcc -o conftest -g -O2   conftest.c  >&5
configure:4131: $? = 0
configure:4137: ./conftest
configure:4140: $? = 0
configure:4157: result: yes
configure:4181: checking for sys/types.h
configure:4202: gcc -c -g -O2  conftest.c >&5
configure:4208: $? = 0
configure:4224: result: yes
configure:4181: checking for sys/stat.h
configure:4202: gcc -c -g -O2  conftest.c >&5
configure:4208: $? = 0
configure:4224: result: yes
configure:4181: checking for stdlib.h
configure:4202: gcc -c -g -O2  conftest.c >&5
configure:4208: $? = 0
configure:4224: result: yes
configure:4181: checking for string.h
configure:4202: gcc -c -g -O2  conftest.c >&5
configure:4208: $? = 0
configure:4224: result: yes
configure:4181: checking for memory.h
configure:4202: gcc -c -g -O2  conftest.c >&5
configure:4208: $? = 0
configure:4224: result: yes
configure:4181: checking for strings.h
configure:4202: gcc -c -g -O2  conftest.c >&5
configure:4208: $? = 0
configure:4224: result: yes
configure:4181: checking for inttypes.h
configure:4202: gcc -c -g -O2  conftest.c >&5
configure:4208: $? = 0
configure:4224: result: yes
configure:4181: checking for stdint.h
configure:4202: gcc -c -g -O2  conftest.c >&5
configure:4208: $? = 0
configure:4224: result: yes
configure:4181: checking for unistd.h
configure:4202: gcc -c -g -O2  conftest.c >&5
configure:4208: $? = 0
configure:4224: result: yes
configure:4236: checking whether strerror_r is declared
configure:4265: gcc -c -g -O2  conftest.c >&5
configure:4271: $? = 0
configure:4286: result: yes
configure:4308: checking for strerror_r
configure:4364: gcc -o conftest -g -O2   conftest.c  >&5
configure:4370: $? = 0
configure:4388: result: yes
configure:4398: checking whether strerror_r returns char *
configure:4432: gcc -c -g -O2  conftest.c >&5
configure:4438: $? = 0
configure:4514: result: yes
configure:4542: checking stdio_ext.h usability
configure:4559: gcc -c -g -O2  conftest.c >&5
configure:4565: $? = 0
configure:4579: result: yes
configure:4583: checking stdio_ext.h presence
configure:4598: gcc -E  conftest.c
configure:4604: $? = 0
configure:4618: result: yes
configure:4651: checking for stdio_ext.h
configure:4659: result: yes
configure:4542: checking wchar.h usability
configure:4559: gcc -c -g -O2  conftest.c >&5
configure:4565: $? = 0
configure:4579: result: yes
configure:4583: checking wchar.h presence
configure:4598: gcc -E  conftest.c
configure:4604: $? = 0
configure:4618: result: yes
configure:4651: checking for wchar.h
configure:4659: result: yes
configure:4542: checking wctype.h usability
configure:4559: gcc -c -g -O2  conftest.c >&5
configure:4565: $? = 0
configure:4579: result: yes
configure:4583: checking wctype.h presence
configure:4598: gcc -E  conftest.c
configure:4604: $? = 0
configure:4618: result: yes
configure:4651: checking for wctype.h
configure:4659: result: yes
configure:4691: checking getopt.h usability
configure:4708: gcc -c -g -O2  conftest.c >&5
configure:4714: $? = 0
configure:4728: result: yes
configure:4732: checking getopt.h presence
configure:4747: gcc -E  conftest.c
configure:4753: $? = 0
configure:4767: result: yes
configure:4800: checking for getopt.h
configure:4808: result: yes
configure:4830: checking for getopt_long_only
configure:4886: gcc -o conftest -g -O2   conftest.c  >&5
configure:4892: $? = 0
configure:4910: result: yes
configure:4925: checking whether optreset is declared
configure:4955: gcc -c -g -O2  conftest.c >&5
conftest.c: In function 'main':
conftest.c:35:10: error: 'optreset' undeclared (first use in this function)
   35 |   (void) optreset;
      |          ^~~~~~~~
conftest.c:35:10: note: each undeclared identifier is reported only once for each function it appears in
configure:4961: $? = 1
configure: failed program was:
| /* confdefs.h.  */
| #define PACKAGE_NAME "GNU Hello"
| #define PACKAGE_TARNAME "hello"
| #define PACKAGE_VERSION "2.2"
| #define PACKAGE_STRING "GNU Hello 2.2"
| #define PACKAGE_BUGREPORT "bug-hello@gnu.org"
| #define PACKAGE "hello"
| #define VERSION "2.2"
| #define _GNU_SOURCE 1
| #define STDC_HEADERS 1
| #define HAVE_SYS_TYPES_H 1
| #define HAVE_SYS_STAT_H 1
| #define HAVE_STDLIB_H 1
| #define HAVE_STRING_H 1
| #define HAVE_MEMORY_H 1
| #define HAVE_STRINGS_H 1
| #define HAVE_INTTYPES_H 1
| #define HAVE_STDINT_H 1
| #define HAVE_UNISTD_H 1
| #define HAVE_DECL_STRERROR_R 1
| #define HAVE_STRERROR_R 1
| #define STRERROR_R_CHAR_P 1
| #define HAVE_STDIO_EXT_H 1
| #define HAVE_WCHAR_H 1
| #define HAVE_WCTYPE_H 1
| #define HAVE_GETOPT_H 1
| #define HAVE_GETOPT_LONG_ONLY 1
| /* end confdefs.h.  */
| #include <getopt.h>
| 
| int
| main ()
| {
| #ifndef optreset
|   (void) optreset;
| #endif
| 
|   ;
|   return 0;
| }
configure:4976: result: no
configure:4985: checking for working GNU getopt function
configure:5078: gcc -o conftest -g -O2   conftest.c  >&5
configure:5081: $? = 0
configure:5087: ./conftest
conftest: invalid option -- '+'
configure:5090: $? = 0
configure:5106: result: yes
configure:5113: checking whether getenv is declared
configure:5142: gcc -c -g -O2  conftest.c >&5
configure:5148: $? = 0
configure:5163: result: yes
configure:5181: checking for inline
configure:5207: gcc -c -g -O2  conftest.c >&5
configure:5213: $? = 0
configure:5231: result: inline
configure:5261: checking for iswprint
configure:5317: gcc -o conftest -g -O2   conftest.c  >&5
conftest.c:53:6: warning: conflicting types for built-in function 'iswprint'; expected 'int(unsigned int)' [-Wbuiltin-declaration-mismatch]
   53 | char iswprint ();
      |      ^~~~~~~~
conftest.c:41:1: note: 'iswprint' is declared in header '<wctype.h>'
   40 | # include <limits.h>
   41 | #else
configure:5323: $? = 0
configure:5341: result: yes
configure:5261: checking for mbsinit
configure:5317: gcc -o conftest -g -O2   conftest.c  >&5
configure:5323: $? = 0
configure:5341: result: yes
configure:5355: checking for stdbool.h that conforms to C99
configure:5448: gcc -c -g -O2  conftest.c >&5
configure:5454: $? = 0
configure:5469: result: yes
configure:5471: checking for _Bool
configure:5501: gcc -c -g -O2  conftest.c >&5
configure:5507: $? = 0
configure:5522: result: yes
configure:5572: checking for error_at_line
configure:5598: gcc -o conftest -g -O2   conftest.c  >&5
configure:5604: $? = 0
configure:5621: result: yes
configure:5648: checking for __fpending
configure:5704: gcc -o conftest -g -O2   conftest.c  >&5
configure:5710: $? = 0
configure:5728: result: yes
configure:5746: checking whether __fpending is declared
configure:5776: gcc -c -g -O2  conftest.c >&5
configure:5782: $? = 0
configure:5797: result: yes
configure:5939: checking whether the compiler generally respects inline
configure:5970: gcc -c -g -O2  conftest.c >&5
configure:5976: $? = 0
configure:5993: result: yes
configure:6022: checking for mbstate_t
configure:6049: gcc -c -g -O2  conftest.c >&5
configure:6055: $? = 0
configure:6070: result: yes
configure:6086: checking whether mbrtowc and mbstate_t are properly declared
configure:6116: gcc -o conftest -g -O2   conftest.c  >&5
configure:6122: $? = 0
configure:6139: result: yes
configure:6175: checking for unistd.h
configure:6181: result: yes
configure:6360: checking whether NLS is requested
configure:6369: result: yes
configure:6407: checking for msgfmt
configure: trying /bin/msgfmt...
0 translated messages.
configure:6439: result: /bin/msgfmt
configure:6448: checking for gmsgfmt
configure:6479: result: /bin/msgfmt
configure:6530: checking for xgettext
configure: trying /bin/xgettext...
/bin/xgettext: warning: file '/dev/null' extension '' is unknown; will try C
configure:6562: result: /bin/xgettext
configure:6608: checking for msgmerge
configure: trying /bin/msgmerge...
configure:6639: result: /bin/msgmerge
configure:6693: checking for ld used by GCC
configure:6757: result: /bin/ld
configure:6766: checking if the linker (/bin/ld) is GNU ld
configure:6779: result: yes
configure:6786: checking for shared library run path origin
configure:6799: result: done
configure:7259: checking for CFPreferencesCopyAppValue
configure:7287: gcc -o conftest -g -O2   conftest.c  -Wl,-framework -Wl,CoreFoundation >&5
conftest.c:41:10: fatal error: CoreFoundation/CFPreferences.h: No such file or directory
   41 | #include <CoreFoundation/CFPreferences.h>
      |          ^~~~~~~~~~~~~~~~~~~~~~~~~~~~~~~~
compilation terminated.
configure:7293: $? = 1
configure: failed program was:
| /* confdefs.h.  */
| #define PACKAGE_NAME "GNU Hello"
| #define PACKAGE_TARNAME "hello"
| #define PACKAGE_VERSION "2.2"
| #define PACKAGE_STRING "GNU Hello 2.2"
| #define PACKAGE_BUGREPORT "bug-hello@gnu.org"
| #define PACKAGE "hello"
| #define VERSION "2.2"
| #define _GNU_SOURCE 1
| #define STDC_HEADERS 1
| #define HAVE_SYS_TYPES_H 1
| #define HAVE_SYS_STAT_H 1
| #define HAVE_STDLIB_H 1
| #define HAVE_STRING_H 1
| #define HAVE_MEMORY_H 1
| #define HAVE_STRINGS_H 1
| #define HAVE_INTTYPES_H 1
| #define HAVE_STDINT_H 1
| #define HAVE_UNISTD_H 1
| #define HAVE_DECL_STRERROR_R 1
| #define HAVE_STRERROR_R 1
| #define STRERROR_R_CHAR_P 1
| #define HAVE_STDIO_EXT_H 1
| #define HAVE_WCHAR_H 1
| #define HAVE_WCTYPE_H 1
| #define HAVE_GETOPT_H 1
| #define HAVE_GETOPT_LONG_ONLY 1
| #define HAVE_DECL_GETENV 1
| #define HAVE_ISWPRINT 1
| #define HAVE_MBSINIT 1
| #define HAVE__BOOL 1
| #define HAVE_STDBOOL_H 1
| #define GNULIB_CLOSE_STREAM 1
| #define HAVE___FPENDING 1
| #define HAVE_DECL___FPENDING 1
| #define HAVE_INLINE 1
| #define HAVE_MBSTATE_T 1
| #define HAVE_MBRTOWC 1
| #define HAVE_UNISTD_H 1
| /* end confdefs.h.  */
| #include <CoreFoundation/CFPreferences.h>
| int
| main ()
| {
| CFPreferencesCopyAppValue(NULL, NULL)
|   ;
|   return 0;
| }
configure:7311: result: no
configure:7320: checking for CFLocaleCopyCurrent
configure:7348: gcc -o conftest -g -O2   conftest.c  -Wl,-framework -Wl,CoreFoundation >&5
conftest.c:41:10: fatal error: CoreFoundation/CFLocale.h: No such file or directory
   41 | #include <CoreFoundation/CFLocale.h>
      |          ^~~~~~~~~~~~~~~~~~~~~~~~~~~
compilation terminated.
configure:7354: $? = 1
configure: failed program was:
| /* confdefs.h.  */
| #define PACKAGE_NAME "GNU Hello"
| #define PACKAGE_TARNAME "hello"
| #define PACKAGE_VERSION "2.2"
| #define PACKAGE_STRING "GNU Hello 2.2"
| #define PACKAGE_BUGREPORT "bug-hello@gnu.org"
| #define PACKAGE "hello"
| #define VERSION "2.2"
| #define _GNU_SOURCE 1
| #define STDC_HEADERS 1
| #define HAVE_SYS_TYPES_H 1
| #define HAVE_SYS_STAT_H 1
| #define HAVE_STDLIB_H 1
| #define HAVE_STRING_H 1
| #define HAVE_MEMORY_H 1
| #define HAVE_STRINGS_H 1
| #define HAVE_INTTYPES_H 1
| #define HAVE_STDINT_H 1
| #define HAVE_UNISTD_H 1
| #define HAVE_DECL_STRERROR_R 1
| #define HAVE_STRERROR_R 1
| #define STRERROR_R_CHAR_P 1
| #define HAVE_STDIO_EXT_H 1
| #define HAVE_WCHAR_H 1
| #define HAVE_WCTYPE_H 1
| #define HAVE_GETOPT_H 1
| #define HAVE_GETOPT_LONG_ONLY 1
| #define HAVE_DECL_GETENV 1
| #define HAVE_ISWPRINT 1
| #define HAVE_MBSINIT 1
| #define HAVE__BOOL 1
| #define HAVE_STDBOOL_H 1
| #define GNULIB_CLOSE_STREAM 1
| #define HAVE___FPENDING 1
| #define HAVE_DECL___FPENDING 1
| #define HAVE_INLINE 1
| #define HAVE_MBSTATE_T 1
| #define HAVE_MBRTOWC 1
| #define HAVE_UNISTD_H 1
| /* end confdefs.h.  */
| #include <CoreFoundation/CFLocale.h>
| int
| main ()
| {
| CFLocaleCopyCurrent();
|   ;
|   return 0;
| }
configure:7372: result: no
configure:7423: checking for GNU gettext in libc
configure:7453: gcc -o conftest -g -O2   conftest.c  >&5
configure:7459: $? = 0
configure:7477: result: yes
configure:8196: checking whether to use NLS
configure:8198: result: yes
configure:8201: checking where the gettext function comes from
configure:8212: result: libc
configure:8405: creating ./config.status

## ---------------------- ##
## Running config.status. ##
## ---------------------- ##

This file was extended by GNU Hello config.status 2.2, which was
generated by GNU Autoconf 2.61.  Invocation command line was

  CONFIG_FILES    = 
  CONFIG_HEADERS  = 
  CONFIG_LINKS    = 
  CONFIG_COMMANDS = 
  $ ./config.status 

on craigyang-virtual-machine

config.status:688: creating Makefile
config.status:688: creating contrib/Makefile
config.status:688: creating doc/Makefile
config.status:688: creating gnulib/lib/Makefile
config.status:688: creating man/Makefile
config.status:688: creating po/Makefile.in
config.status:688: creating src/Makefile
config.status:688: creating tests/Makefile
config.status:688: creating config.h
config.status:984: executing depfiles commands
config.status:984: executing po-directories commands

## ---------------- ##
## Cache variables. ##
## ---------------- ##

ac_cv_build=x86_64-unknown-linux-gnu
ac_cv_c_compiler_gnu=yes
ac_cv_c_inline=inline
ac_cv_env_CC_set=
ac_cv_env_CC_value=
ac_cv_env_CFLAGS_set=
ac_cv_env_CFLAGS_value=
ac_cv_env_CPPFLAGS_set=
ac_cv_env_CPPFLAGS_value=
ac_cv_env_CPP_set=
ac_cv_env_CPP_value=
ac_cv_env_LDFLAGS_set=
ac_cv_env_LDFLAGS_value=
ac_cv_env_LIBS_set=
ac_cv_env_LIBS_value=
ac_cv_env_build_alias_set=
ac_cv_env_build_alias_value=
ac_cv_env_host_alias_set=
ac_cv_env_host_alias_value=
ac_cv_env_target_alias_set=
ac_cv_env_target_alias_value=
ac_cv_func___fpending=yes
ac_cv_func_getopt_long_only=yes
ac_cv_func_iswprint=yes
ac_cv_func_mbsinit=yes
ac_cv_func_strerror_r=yes
ac_cv_func_strerror_r_char_p=yes
ac_cv_have_decl___fpending=yes
ac_cv_have_decl_getenv=yes
ac_cv_have_decl_optreset=no
ac_cv_have_decl_strerror_r=yes
ac_cv_header_getopt_h=yes
ac_cv_header_inttypes_h=yes
ac_cv_header_memory_h=yes
ac_cv_header_stdbool_h=yes
ac_cv_header_stdc=yes
ac_cv_header_stdint_h=yes
ac_cv_header_stdio_ext_h=yes
ac_cv_header_stdlib_h=yes
ac_cv_header_string_h=yes
ac_cv_header_strings_h=yes
ac_cv_header_sys_stat_h=yes
ac_cv_header_sys_types_h=yes
ac_cv_header_unistd_h=yes
ac_cv_header_wchar_h=yes
ac_cv_header_wctype_h=yes
ac_cv_host=x86_64-unknown-linux-gnu
ac_cv_lib_error_at_line=yes
ac_cv_objext=o
ac_cv_path_EGREP='/bin/grep -E'
ac_cv_path_GMSGFMT=/bin/msgfmt
ac_cv_path_GREP=/bin/grep
ac_cv_path_MSGFMT=/bin/msgfmt
ac_cv_path_MSGMERGE=/bin/msgmerge
ac_cv_path_XGETTEXT=/bin/xgettext
ac_cv_path_install='/bin/install -c'
ac_cv_path_mkdir=/bin/mkdir
ac_cv_prog_AWK=gawk
ac_cv_prog_CPP='gcc -E'
ac_cv_prog_ac_ct_CC=gcc
ac_cv_prog_ac_ct_RANLIB=ranlib
ac_cv_prog_cc_c89=
ac_cv_prog_cc_g=yes
ac_cv_prog_make_make_set=yes
ac_cv_type__Bool=yes
ac_cv_type_mbstate_t=yes
acl_cv_hardcode_direct=no
acl_cv_hardcode_libdir_flag_spec='${wl}-rpath ${wl}$libdir'
acl_cv_hardcode_libdir_separator=
acl_cv_hardcode_minus_L=no
acl_cv_libext=a
acl_cv_path_LD=/bin/ld
acl_cv_prog_gnu_ld=yes
acl_cv_rpath=done
acl_cv_shlibext=so
acl_cv_wl=-Wl,
am_cv_CC_dependencies_compiler_type=gcc3
gl_cv_c_inline_effective=yes
gl_cv_func_gnu_getopt=yes
gl_cv_func_mbrtowc=yes
gt_cv_func_CFLocaleCopyCurrent=no
gt_cv_func_CFPreferencesCopyAppValue=no
gt_cv_func_gnugettext1_libc=yes

## ----------------- ##
## Output variables. ##
## ----------------- ##

ACLOCAL='${SHELL} /home/craigyang/workplace/hpe_work/package/hello/hello/build-aux/missing --run aclocal-1.10'
AMDEPBACKSLASH='\'
AMDEP_FALSE='#'
AMDEP_TRUE=''
AMTAR='${SHELL} /home/craigyang/workplace/hpe_work/package/hello/hello/build-aux/missing --run tar'
AUTOCONF='${SHELL} /home/craigyang/workplace/hpe_work/package/hello/hello/build-aux/missing --run autoconf'
AUTOHEADER='${SHELL} /home/craigyang/workplace/hpe_work/package/hello/hello/build-aux/missing --run autoheader'
AUTOMAKE='${SHELL} /home/craigyang/workplace/hpe_work/package/hello/hello/build-aux/missing --run automake-1.10'
AWK='gawk'
CC='gcc'
CCDEPMODE='depmode=gcc3'
CFLAGS='-g -O2'
CPP='gcc -E'
CPPFLAGS=''
CYGPATH_W='echo'
DEFS='-DHAVE_CONFIG_H'
DEPDIR='.deps'
ECHO_C=''
ECHO_N='-n'
ECHO_T=''
EGREP='/bin/grep -E'
EXEEXT=''
GETOPT_H=''
GL_COND_LIBTOOL_FALSE=''
GL_COND_LIBTOOL_TRUE='#'
GMSGFMT='/bin/msgfmt'
GMSGFMT_015='/bin/msgfmt'
GREP='/bin/grep'
HAVE__BOOL='1'
HELP2MAN='${SHELL} /home/craigyang/workplace/hpe_work/package/hello/hello/build-aux/missing --run help2man'
INSTALL_DATA='${INSTALL} -m 644'
INSTALL_PROGRAM='${INSTALL}'
INSTALL_SCRIPT='${INSTALL}'
INSTALL_STRIP_PROGRAM='$(install_sh) -c -s'
INTLLIBS=''
INTL_MACOSX_LIBS=''
LDFLAGS=''
LIBGNU_LIBDEPS=''
LIBGNU_LTLIBDEPS=''
LIBICONV='-liconv'
LIBINTL=''
LIBOBJS=''
LIBS=''
LTLIBICONV='-liconv'
LTLIBINTL=''
LTLIBOBJS=''
MAKEINFO='${SHELL} /home/craigyang/workplace/hpe_work/package/hello/hello/build-aux/missing --run makeinfo'
MSGFMT='/bin/msgfmt'
MSGFMT_015='/bin/msgfmt'
MSGMERGE='/bin/msgmerge'
OBJEXT='o'
PACKAGE='hello'
PACKAGE_BUGREPORT='bug-hello@gnu.org'
PACKAGE_NAME='GNU Hello'
PACKAGE_STRING='GNU Hello 2.2'
PACKAGE_TARNAME='hello'
PACKAGE_VERSION='2.2'
PATH_SEPARATOR=':'
POSUB='po'
RANLIB='ranlib'
SET_MAKE=''
SHELL='/bin/bash'
STDBOOL_H=''
STRIP=''
UNISTD_H=''
USE_NLS='yes'
VERSION='2.2'
XGETTEXT='/bin/xgettext'
XGETTEXT_015='/bin/xgettext'
ac_ct_CC='gcc'
am__fastdepCC_FALSE='#'
am__fastdepCC_TRUE=''
am__include='include'
am__isrc=''
am__leading_dot='.'
am__quote=''
am__tar='${AMTAR} chof - "$$tardir"'
am__untar='${AMTAR} xf -'
bindir='${exec_prefix}/bin'
build='x86_64-unknown-linux-gnu'
build_alias=''
build_cpu='x86_64'
build_os='linux-gnu'
build_vendor='unknown'
datadir='${datarootdir}'
datarootdir='${prefix}/share'
docdir='${datarootdir}/doc/${PACKAGE_TARNAME}'
dvidir='${docdir}'
exec_prefix='${prefix}'
gl_LIBOBJS=' close-stream.o closeout.o exitfail.o quotearg.o xmalloc.o'
gl_LTLIBOBJS=' close-stream.lo closeout.lo exitfail.lo quotearg.lo xmalloc.lo'
host='x86_64-unknown-linux-gnu'
host_alias=''
host_cpu='x86_64'
host_os='linux-gnu'
host_vendor='unknown'
htmldir='${docdir}'
includedir='${prefix}/include'
infodir='${datarootdir}/info'
install_sh='$(SHELL) /home/craigyang/workplace/hpe_work/package/hello/hello/build-aux/install-sh'
libdir='${exec_prefix}/lib'
libexecdir='${exec_prefix}/libexec'
localedir='${datarootdir}/locale'
localstatedir='${prefix}/var'
mandir='${datarootdir}/man'
mkdir_p='/bin/mkdir -p'
oldincludedir='/usr/include'
pdfdir='${docdir}'
prefix='/usr/local'
program_transform_name='s,x,x,'
psdir='${docdir}'
sbindir='${exec_prefix}/sbin'
sharedstatedir='${prefix}/com'
sysconfdir='${prefix}/etc'
target_alias=''

## ----------- ##
## confdefs.h. ##
## ----------- ##

#define PACKAGE_NAME "GNU Hello"
#define PACKAGE_TARNAME "hello"
#define PACKAGE_VERSION "2.2"
#define PACKAGE_STRING "GNU Hello 2.2"
#define PACKAGE_BUGREPORT "bug-hello@gnu.org"
#define PACKAGE "hello"
#define VERSION "2.2"
#define _GNU_SOURCE 1
#define STDC_HEADERS 1
#define HAVE_SYS_TYPES_H 1
#define HAVE_SYS_STAT_H 1
#define HAVE_STDLIB_H 1
#define HAVE_STRING_H 1
#define HAVE_MEMORY_H 1
#define HAVE_STRINGS_H 1
#define HAVE_INTTYPES_H 1
#define HAVE_STDINT_H 1
#define HAVE_UNISTD_H 1
#define HAVE_DECL_STRERROR_R 1
#define HAVE_STRERROR_R 1
#define STRERROR_R_CHAR_P 1
#define HAVE_STDIO_EXT_H 1
#define HAVE_WCHAR_H 1
#define HAVE_WCTYPE_H 1
#define HAVE_GETOPT_H 1
#define HAVE_GETOPT_LONG_ONLY 1
#define HAVE_DECL_GETENV 1
#define HAVE_ISWPRINT 1
#define HAVE_MBSINIT 1
#define HAVE__BOOL 1
#define HAVE_STDBOOL_H 1
#define GNULIB_CLOSE_STREAM 1
#define HAVE___FPENDING 1
#define HAVE_DECL___FPENDING 1
#define HAVE_INLINE 1
#define HAVE_MBSTATE_T 1
#define HAVE_MBRTOWC 1
#define HAVE_UNISTD_H 1
#define ENABLE_NLS 1
#define HAVE_GETTEXT 1
#define HAVE_DCGETTEXT 1

configure: exit 0
