This file contains any messages produced by compilers while
running configure, to aid debugging if configure makes a mistake.

It was created by GNU Hello configure 2.2, which was
generated by GNU Autoconf 2.69.  Invocation command line was

  $ ./configure --build=x86_64-linux-gnu --prefix=/usr --includedir=${prefix}/include --mandir=${prefix}/share/man --infodir=${prefix}/share/info --sysconfdir=/etc --localstatedir=/var --disable-silent-rules --libdir=${prefix}/lib/x86_64-linux-gnu --runstatedir=/run --disable-maintainer-mode --disable-dependency-tracking

## --------- ##
## Platform. ##
## --------- ##

hostname = craigyang-virtual-machine
uname -m = x86_64
uname -r = 5.4.0-150-generic
uname -s = Linux
uname -v = #167-Ubuntu SMP Mon May 15 17:35:05 UTC 2023

/usr/bin/uname -p = x86_64
/bin/uname -X     = unknown

/bin/arch              = x86_64
/usr/bin/arch -k       = unknown
/usr/convex/getsysinfo = unknown
/usr/bin/hostinfo      = unknown
/bin/machine           = unknown
/usr/bin/oslevel       = unknown
/bin/universe          = unknown

PATH: /bin
PATH: /sbin/
PATH: /home/craigyang/bin
PATH: /home/craigyang/.local/bin
PATH: /usr/local/bin
PATH: /usr/local/go/bin
PATH: /usr/local/sbin
PATH: /usr/local/bin
PATH: /usr/sbin
PATH: /usr/bin
PATH: /sbin
PATH: /bin
PATH: /usr/games
PATH: /usr/local/games
PATH: /snap/bin
PATH: /home/craigyang/.fzf/bin


## ----------- ##
## Core tests. ##
## ----------- ##

configure:2367: checking for a BSD-compatible install
configure:2435: result: /bin/install -c
configure:2446: checking whether build environment is sane
configure:2501: result: yes
configure:2650: checking for a thread-safe mkdir -p
configure:2689: result: /bin/mkdir -p
configure:2696: checking for gawk
configure:2712: found /bin/gawk
configure:2723: result: gawk
configure:2734: checking whether make sets $(MAKE)
configure:2756: result: yes
configure:2785: checking whether make supports nested variables
configure:2802: result: yes
configure:2985: checking for gcc
configure:3001: found /bin/gcc
configure:3012: result: gcc
configure:3241: checking for C compiler version
configure:3250: gcc --version >&5
gcc (Ubuntu 9.4.0-1ubuntu1~20.04.1) 9.4.0
Copyright (C) 2019 Free Software Foundation, Inc.
This is free software; see the source for copying conditions.  There is NO
warranty; not even for MERCHANTABILITY or FITNESS FOR A PARTICULAR PURPOSE.

configure:3261: $? = 0
configure:3250: gcc -v >&5
Using built-in specs.
COLLECT_GCC=gcc
COLLECT_LTO_WRAPPER=/usr/lib/gcc/x86_64-linux-gnu/9/lto-wrapper
OFFLOAD_TARGET_NAMES=nvptx-none:hsa
OFFLOAD_TARGET_DEFAULT=1
Target: x86_64-linux-gnu
Configured with: ../src/configure -v --with-pkgversion='Ubuntu 9.4.0-1ubuntu1~20.04.1' --with-bugurl=file:///usr/share/doc/gcc-9/README.Bugs --enable-languages=c,ada,c++,go,brig,d,fortran,objc,obj-c++,gm2 --prefix=/usr --with-gcc-major-version-only --program-suffix=-9 --program-prefix=x86_64-linux-gnu- --enable-shared --enable-linker-build-id --libexecdir=/usr/lib --without-included-gettext --enable-threads=posix --libdir=/usr/lib --enable-nls --enable-clocale=gnu --enable-libstdcxx-debug --enable-libstdcxx-time=yes --with-default-libstdcxx-abi=new --enable-gnu-unique-object --disable-vtable-verify --enable-plugin --enable-default-pie --with-system-zlib --with-target-system-zlib=auto --enable-objc-gc=auto --enable-multiarch --disable-werror --with-arch-32=i686 --with-abi=m64 --with-multilib-list=m32,m64,mx32 --enable-multilib --with-tune=generic --enable-offload-targets=nvptx-none=/build/gcc-9-Av3uEd/gcc-9-9.4.0/debian/tmp-nvptx/usr,hsa --without-cuda-driver --enable-checking=release --build=x86_64-linux-gnu --host=x86_64-linux-gnu --target=x86_64-linux-gnu
Thread model: posix
gcc version 9.4.0 (Ubuntu 9.4.0-1ubuntu1~20.04.1) 
configure:3261: $? = 0
configure:3250: gcc -V >&5
gcc: error: unrecognized command line option '-V'
gcc: fatal error: no input files
compilation terminated.
configure:3261: $? = 1
configure:3250: gcc -qversion >&5
gcc: error: unrecognized command line option '-qversion'; did you mean '--version'?
gcc: fatal error: no input files
compilation terminated.
configure:3261: $? = 1
configure:3281: checking whether the C compiler works
configure:3303: gcc -g -O2 -fdebug-prefix-map=/home/craigyang/workplace/hpe_work/package/hello/hello=. -fstack-protector-strong -Wformat -Werror=format-security -Wdate-time -D_FORTIFY_SOURCE=2 -Wl,-Bsymbolic-functions -Wl,-z,relro conftest.c  >&5
configure:3307: $? = 0
configure:3355: result: yes
configure:3358: checking for C compiler default output file name
configure:3360: result: a.out
configure:3366: checking for suffix of executables
configure:3373: gcc -o conftest -g -O2 -fdebug-prefix-map=/home/craigyang/workplace/hpe_work/package/hello/hello=. -fstack-protector-strong -Wformat -Werror=format-security -Wdate-time -D_FORTIFY_SOURCE=2 -Wl,-Bsymbolic-functions -Wl,-z,relro conftest.c  >&5
configure:3377: $? = 0
configure:3399: result: 
configure:3421: checking whether we are cross compiling
configure:3429: gcc -o conftest -g -O2 -fdebug-prefix-map=/home/craigyang/workplace/hpe_work/package/hello/hello=. -fstack-protector-strong -Wformat -Werror=format-security -Wdate-time -D_FORTIFY_SOURCE=2 -Wl,-Bsymbolic-functions -Wl,-z,relro conftest.c  >&5
configure:3433: $? = 0
configure:3440: ./conftest
configure:3444: $? = 0
configure:3432: result: no
configure:3437: checking for suffix of object files
configure:3459: gcc -c -g -O2 -fdebug-prefix-map=/home/craigyang/workplace/hpe_work/package/hello/hello=. -fstack-protector-strong -Wformat -Werror=format-security -Wdate-time -D_FORTIFY_SOURCE=2 conftest.c >&5
configure:3463: $? = 0
configure:3484: result: o
configure:3488: checking whether we are using the GNU C compiler
configure:3507: gcc -c -g -O2 -fdebug-prefix-map=/home/craigyang/workplace/hpe_work/package/hello/hello=. -fstack-protector-strong -Wformat -Werror=format-security -Wdate-time -D_FORTIFY_SOURCE=2 conftest.c >&5
configure:3507: $? = 0
configure:3516: result: yes
configure:3525: checking whether gcc accepts -g
configure:3545: gcc -c -g -Wdate-time -D_FORTIFY_SOURCE=2 conftest.c >&5
configure:3545: $? = 0
configure:3586: result: yes
configure:3603: checking for gcc option to accept ISO C89
configure:3666: gcc  -c -g -O2 -fdebug-prefix-map=/home/craigyang/workplace/hpe_work/package/hello/hello=. -fstack-protector-strong -Wformat -Werror=format-security -Wdate-time -D_FORTIFY_SOURCE=2 conftest.c >&5
configure:3666: $? = 0
configure:3679: result: none needed
configure:3704: checking whether gcc understands -c and -o together
configure:3726: gcc -c conftest.c -o conftest2.o
configure:3729: $? = 0
configure:3726: gcc -c conftest.c -o conftest2.o
configure:3729: $? = 0
configure:3741: result: yes
configure:3761: checking whether make supports the include directive
configure:3776: make -f confmf.GNU && cat confinc.out
make[1]: Entering directory '/home/craigyang/workplace/hpe_work/package/hello/hello'
make[1]: Leaving directory '/home/craigyang/workplace/hpe_work/package/hello/hello'
this is the am__doit target
configure:3779: $? = 0
configure:3798: result: yes (GNU style)
configure:3823: checking dependency style of gcc
configure:3934: result: none
configure:3996: checking for ranlib
configure:4012: found /bin/ranlib
configure:4023: result: ranlib
configure:4051: checking how to run the C preprocessor
configure:4082: gcc -E -Wdate-time -D_FORTIFY_SOURCE=2 conftest.c
configure:4082: $? = 0
configure:4096: gcc -E -Wdate-time -D_FORTIFY_SOURCE=2 conftest.c
conftest.c:11:10: fatal error: ac_nonexistent.h: No such file or directory
   11 | #include <ac_nonexistent.h>
      |          ^~~~~~~~~~~~~~~~~~
compilation terminated.
configure:4096: $? = 1
configure: failed program was:
| /* confdefs.h */
| #define PACKAGE_NAME "GNU Hello"
| #define PACKAGE_TARNAME "hello"
| #define PACKAGE_VERSION "2.2"
| #define PACKAGE_STRING "GNU Hello 2.2"
| #define PACKAGE_BUGREPORT "bug-hello@gnu.org"
| #define PACKAGE_URL "http://www.gnu.org/software/hello/"
| #define PACKAGE "hello"
| #define VERSION "2.2"
| /* end confdefs.h.  */
| #include <ac_nonexistent.h>
configure:4121: result: gcc -E
configure:4141: gcc -E -Wdate-time -D_FORTIFY_SOURCE=2 conftest.c
configure:4141: $? = 0
configure:4155: gcc -E -Wdate-time -D_FORTIFY_SOURCE=2 conftest.c
conftest.c:11:10: fatal error: ac_nonexistent.h: No such file or directory
   11 | #include <ac_nonexistent.h>
      |          ^~~~~~~~~~~~~~~~~~
compilation terminated.
configure:4155: $? = 1
configure: failed program was:
| /* confdefs.h */
| #define PACKAGE_NAME "GNU Hello"
| #define PACKAGE_TARNAME "hello"
| #define PACKAGE_VERSION "2.2"
| #define PACKAGE_STRING "GNU Hello 2.2"
| #define PACKAGE_BUGREPORT "bug-hello@gnu.org"
| #define PACKAGE_URL "http://www.gnu.org/software/hello/"
| #define PACKAGE "hello"
| #define VERSION "2.2"
| /* end confdefs.h.  */
| #include <ac_nonexistent.h>
configure:4184: checking for grep that handles long lines and -e
configure:4242: result: /bin/grep
configure:4247: checking for egrep
configure:4309: result: /bin/grep -E
configure:4314: checking for ANSI C header files
configure:4334: gcc -c -g -O2 -fdebug-prefix-map=/home/craigyang/workplace/hpe_work/package/hello/hello=. -fstack-protector-strong -Wformat -Werror=format-security -Wdate-time -D_FORTIFY_SOURCE=2 conftest.c >&5
configure:4334: $? = 0
configure:4407: gcc -o conftest -g -O2 -fdebug-prefix-map=/home/craigyang/workplace/hpe_work/package/hello/hello=. -fstack-protector-strong -Wformat -Werror=format-security -Wdate-time -D_FORTIFY_SOURCE=2 -Wl,-Bsymbolic-functions -Wl,-z,relro conftest.c  >&5
configure:4407: $? = 0
configure:4407: ./conftest
configure:4407: $? = 0
configure:4418: result: yes
configure:4431: checking for sys/types.h
configure:4431: gcc -c -g -O2 -fdebug-prefix-map=/home/craigyang/workplace/hpe_work/package/hello/hello=. -fstack-protector-strong -Wformat -Werror=format-security -Wdate-time -D_FORTIFY_SOURCE=2 conftest.c >&5
configure:4431: $? = 0
configure:4431: result: yes
configure:4431: checking for sys/stat.h
configure:4431: gcc -c -g -O2 -fdebug-prefix-map=/home/craigyang/workplace/hpe_work/package/hello/hello=. -fstack-protector-strong -Wformat -Werror=format-security -Wdate-time -D_FORTIFY_SOURCE=2 conftest.c >&5
configure:4431: $? = 0
configure:4431: result: yes
configure:4431: checking for stdlib.h
configure:4431: gcc -c -g -O2 -fdebug-prefix-map=/home/craigyang/workplace/hpe_work/package/hello/hello=. -fstack-protector-strong -Wformat -Werror=format-security -Wdate-time -D_FORTIFY_SOURCE=2 conftest.c >&5
configure:4431: $? = 0
configure:4431: result: yes
configure:4431: checking for string.h
configure:4431: gcc -c -g -O2 -fdebug-prefix-map=/home/craigyang/workplace/hpe_work/package/hello/hello=. -fstack-protector-strong -Wformat -Werror=format-security -Wdate-time -D_FORTIFY_SOURCE=2 conftest.c >&5
configure:4431: $? = 0
configure:4431: result: yes
configure:4431: checking for memory.h
configure:4431: gcc -c -g -O2 -fdebug-prefix-map=/home/craigyang/workplace/hpe_work/package/hello/hello=. -fstack-protector-strong -Wformat -Werror=format-security -Wdate-time -D_FORTIFY_SOURCE=2 conftest.c >&5
configure:4431: $? = 0
configure:4431: result: yes
configure:4431: checking for strings.h
configure:4431: gcc -c -g -O2 -fdebug-prefix-map=/home/craigyang/workplace/hpe_work/package/hello/hello=. -fstack-protector-strong -Wformat -Werror=format-security -Wdate-time -D_FORTIFY_SOURCE=2 conftest.c >&5
configure:4431: $? = 0
configure:4431: result: yes
configure:4431: checking for inttypes.h
configure:4431: gcc -c -g -O2 -fdebug-prefix-map=/home/craigyang/workplace/hpe_work/package/hello/hello=. -fstack-protector-strong -Wformat -Werror=format-security -Wdate-time -D_FORTIFY_SOURCE=2 conftest.c >&5
configure:4431: $? = 0
configure:4431: result: yes
configure:4431: checking for stdint.h
configure:4431: gcc -c -g -O2 -fdebug-prefix-map=/home/craigyang/workplace/hpe_work/package/hello/hello=. -fstack-protector-strong -Wformat -Werror=format-security -Wdate-time -D_FORTIFY_SOURCE=2 conftest.c >&5
configure:4431: $? = 0
configure:4431: result: yes
configure:4431: checking for unistd.h
configure:4431: gcc -c -g -O2 -fdebug-prefix-map=/home/craigyang/workplace/hpe_work/package/hello/hello=. -fstack-protector-strong -Wformat -Werror=format-security -Wdate-time -D_FORTIFY_SOURCE=2 conftest.c >&5
configure:4431: $? = 0
configure:4431: result: yes
configure:4444: checking minix/config.h usability
configure:4444: gcc -c -g -O2 -fdebug-prefix-map=/home/craigyang/workplace/hpe_work/package/hello/hello=. -fstack-protector-strong -Wformat -Werror=format-security -Wdate-time -D_FORTIFY_SOURCE=2 conftest.c >&5
conftest.c:54:10: fatal error: minix/config.h: No such file or directory
   54 | #include <minix/config.h>
      |          ^~~~~~~~~~~~~~~~
compilation terminated.
configure:4444: $? = 1
configure: failed program was:
| /* confdefs.h */
| #define PACKAGE_NAME "GNU Hello"
| #define PACKAGE_TARNAME "hello"
| #define PACKAGE_VERSION "2.2"
| #define PACKAGE_STRING "GNU Hello 2.2"
| #define PACKAGE_BUGREPORT "bug-hello@gnu.org"
| #define PACKAGE_URL "http://www.gnu.org/software/hello/"
| #define PACKAGE "hello"
| #define VERSION "2.2"
| #define STDC_HEADERS 1
| #define HAVE_SYS_TYPES_H 1
| #define HAVE_SYS_STAT_H 1
| #define HAVE_STDLIB_H 1
| #define HAVE_STRING_H 1
| #define HAVE_MEMORY_H 1
| #define HAVE_STRINGS_H 1
| #define HAVE_INTTYPES_H 1
| #define HAVE_STDINT_H 1
| #define HAVE_UNISTD_H 1
| /* end confdefs.h.  */
| #include <stdio.h>
| #ifdef HAVE_SYS_TYPES_H
| # include <sys/types.h>
| #endif
| #ifdef HAVE_SYS_STAT_H
| # include <sys/stat.h>
| #endif
| #ifdef STDC_HEADERS
| # include <stdlib.h>
| # include <stddef.h>
| #else
| # ifdef HAVE_STDLIB_H
| #  include <stdlib.h>
| # endif
| #endif
| #ifdef HAVE_STRING_H
| # if !defined STDC_HEADERS && defined HAVE_MEMORY_H
| #  include <memory.h>
| # endif
| # include <string.h>
| #endif
| #ifdef HAVE_STRINGS_H
| # include <strings.h>
| #endif
| #ifdef HAVE_INTTYPES_H
| # include <inttypes.h>
| #endif
| #ifdef HAVE_STDINT_H
| # include <stdint.h>
| #endif
| #ifdef HAVE_UNISTD_H
| # include <unistd.h>
| #endif
| #include <minix/config.h>
configure:4444: result: no
configure:4444: checking minix/config.h presence
configure:4444: gcc -E -Wdate-time -D_FORTIFY_SOURCE=2 conftest.c
conftest.c:21:10: fatal error: minix/config.h: No such file or directory
   21 | #include <minix/config.h>
      |          ^~~~~~~~~~~~~~~~
compilation terminated.
configure:4444: $? = 1
configure: failed program was:
| /* confdefs.h */
| #define PACKAGE_NAME "GNU Hello"
| #define PACKAGE_TARNAME "hello"
| #define PACKAGE_VERSION "2.2"
| #define PACKAGE_STRING "GNU Hello 2.2"
| #define PACKAGE_BUGREPORT "bug-hello@gnu.org"
| #define PACKAGE_URL "http://www.gnu.org/software/hello/"
| #define PACKAGE "hello"
| #define VERSION "2.2"
| #define STDC_HEADERS 1
| #define HAVE_SYS_TYPES_H 1
| #define HAVE_SYS_STAT_H 1
| #define HAVE_STDLIB_H 1
| #define HAVE_STRING_H 1
| #define HAVE_MEMORY_H 1
| #define HAVE_STRINGS_H 1
| #define HAVE_INTTYPES_H 1
| #define HAVE_STDINT_H 1
| #define HAVE_UNISTD_H 1
| /* end confdefs.h.  */
| #include <minix/config.h>
configure:4444: result: no
configure:4444: checking for minix/config.h
configure:4444: result: no
configure:4465: checking whether it is safe to define __EXTENSIONS__
configure:4483: gcc -c -g -O2 -fdebug-prefix-map=/home/craigyang/workplace/hpe_work/package/hello/hello=. -fstack-protector-strong -Wformat -Werror=format-security -Wdate-time -D_FORTIFY_SOURCE=2 conftest.c >&5
configure:4483: $? = 0
configure:4490: result: yes
configure:4509: checking build system type
configure:4523: result: x86_64-pc-linux-gnu
configure:4543: checking host system type
configure:4556: result: x86_64-pc-linux-gnu
configure:4620: checking whether strerror_r is declared
configure:4620: gcc -c -g -O2 -fdebug-prefix-map=/home/craigyang/workplace/hpe_work/package/hello/hello=. -fstack-protector-strong -Wformat -Werror=format-security -Wdate-time -D_FORTIFY_SOURCE=2 conftest.c >&5
configure:4620: $? = 0
configure:4620: result: yes
configure:4633: checking for strerror_r
configure:4633: gcc -o conftest -g -O2 -fdebug-prefix-map=/home/craigyang/workplace/hpe_work/package/hello/hello=. -fstack-protector-strong -Wformat -Werror=format-security -Wdate-time -D_FORTIFY_SOURCE=2 -Wl,-Bsymbolic-functions -Wl,-z,relro conftest.c  >&5
configure:4633: $? = 0
configure:4633: result: yes
configure:4642: checking whether strerror_r returns char *
configure:4666: gcc -c -g -O2 -fdebug-prefix-map=/home/craigyang/workplace/hpe_work/package/hello/hello=. -fstack-protector-strong -Wformat -Werror=format-security -Wdate-time -D_FORTIFY_SOURCE=2 conftest.c >&5
configure:4666: $? = 0
configure:4704: result: yes
configure:4718: checking for stdio_ext.h
configure:4718: gcc -c -g -O2 -fdebug-prefix-map=/home/craigyang/workplace/hpe_work/package/hello/hello=. -fstack-protector-strong -Wformat -Werror=format-security -Wdate-time -D_FORTIFY_SOURCE=2 conftest.c >&5
configure:4718: $? = 0
configure:4718: result: yes
configure:4718: checking for wchar.h
configure:4718: gcc -c -g -O2 -fdebug-prefix-map=/home/craigyang/workplace/hpe_work/package/hello/hello=. -fstack-protector-strong -Wformat -Werror=format-security -Wdate-time -D_FORTIFY_SOURCE=2 conftest.c >&5
configure:4718: $? = 0
configure:4718: result: yes
configure:4718: checking for wctype.h
configure:4718: gcc -c -g -O2 -fdebug-prefix-map=/home/craigyang/workplace/hpe_work/package/hello/hello=. -fstack-protector-strong -Wformat -Werror=format-security -Wdate-time -D_FORTIFY_SOURCE=2 conftest.c >&5
configure:4718: $? = 0
configure:4718: result: yes
configure:4735: checking getopt.h usability
configure:4735: gcc -c -g -O2 -fdebug-prefix-map=/home/craigyang/workplace/hpe_work/package/hello/hello=. -fstack-protector-strong -Wformat -Werror=format-security -Wdate-time -D_FORTIFY_SOURCE=2 conftest.c >&5
configure:4735: $? = 0
configure:4735: result: yes
configure:4735: checking getopt.h presence
configure:4735: gcc -E -Wdate-time -D_FORTIFY_SOURCE=2 conftest.c
configure:4735: $? = 0
configure:4735: result: yes
configure:4735: checking for getopt.h
configure:4735: result: yes
configure:4752: checking for getopt_long_only
configure:4752: gcc -o conftest -g -O2 -fdebug-prefix-map=/home/craigyang/workplace/hpe_work/package/hello/hello=. -fstack-protector-strong -Wformat -Werror=format-security -Wdate-time -D_FORTIFY_SOURCE=2 -Wl,-Bsymbolic-functions -Wl,-z,relro conftest.c  >&5
configure:4752: $? = 0
configure:4752: result: yes
configure:4766: checking whether optreset is declared
configure:4766: gcc -c -g -O2 -fdebug-prefix-map=/home/craigyang/workplace/hpe_work/package/hello/hello=. -fstack-protector-strong -Wformat -Werror=format-security -Wdate-time -D_FORTIFY_SOURCE=2 conftest.c >&5
conftest.c: In function 'main':
conftest.c:43:10: error: 'optreset' undeclared (first use in this function)
   43 |   (void) optreset;
      |          ^~~~~~~~
conftest.c:43:10: note: each undeclared identifier is reported only once for each function it appears in
configure:4766: $? = 1
configure: failed program was:
| /* confdefs.h */
| #define PACKAGE_NAME "GNU Hello"
| #define PACKAGE_TARNAME "hello"
| #define PACKAGE_VERSION "2.2"
| #define PACKAGE_STRING "GNU Hello 2.2"
| #define PACKAGE_BUGREPORT "bug-hello@gnu.org"
| #define PACKAGE_URL "http://www.gnu.org/software/hello/"
| #define PACKAGE "hello"
| #define VERSION "2.2"
| #define STDC_HEADERS 1
| #define HAVE_SYS_TYPES_H 1
| #define HAVE_SYS_STAT_H 1
| #define HAVE_STDLIB_H 1
| #define HAVE_STRING_H 1
| #define HAVE_MEMORY_H 1
| #define HAVE_STRINGS_H 1
| #define HAVE_INTTYPES_H 1
| #define HAVE_STDINT_H 1
| #define HAVE_UNISTD_H 1
| #define __EXTENSIONS__ 1
| #define _ALL_SOURCE 1
| #define _GNU_SOURCE 1
| #define _POSIX_PTHREAD_SEMANTICS 1
| #define _TANDEM_SOURCE 1
| #define HAVE_DECL_STRERROR_R 1
| #define HAVE_STRERROR_R 1
| #define STRERROR_R_CHAR_P 1
| #define HAVE_STDIO_EXT_H 1
| #define HAVE_WCHAR_H 1
| #define HAVE_WCTYPE_H 1
| #define HAVE_GETOPT_H 1
| #define HAVE_GETOPT_LONG_ONLY 1
| /* end confdefs.h.  */
| #include <getopt.h>
| 
| int
| main ()
| {
| #ifndef optreset
| #ifdef __cplusplus
|   (void) optreset;
| #else
|   (void) optreset;
| #endif
| #endif
| 
|   ;
|   return 0;
| }
configure:4766: result: no
configure:4775: checking for working GNU getopt function
configure:4807: gcc -o conftest -g -O2 -fdebug-prefix-map=/home/craigyang/workplace/hpe_work/package/hello/hello=. -fstack-protector-strong -Wformat -Werror=format-security -Wdate-time -D_FORTIFY_SOURCE=2 -Wl,-Bsymbolic-functions -Wl,-z,relro conftest.c  >&5
configure:4807: $? = 0
configure:4807: ./conftest
conftest: invalid option -- '+'
configure:4807: $? = 0
configure:4817: result: yes
configure:4824: checking whether getenv is declared
configure:4824: gcc -c -g -O2 -fdebug-prefix-map=/home/craigyang/workplace/hpe_work/package/hello/hello=. -fstack-protector-strong -Wformat -Werror=format-security -Wdate-time -D_FORTIFY_SOURCE=2 conftest.c >&5
configure:4824: $? = 0
configure:4824: result: yes
configure:4835: checking for inline
configure:4851: gcc -c -g -O2 -fdebug-prefix-map=/home/craigyang/workplace/hpe_work/package/hello/hello=. -fstack-protector-strong -Wformat -Werror=format-security -Wdate-time -D_FORTIFY_SOURCE=2 conftest.c >&5
configure:4851: $? = 0
configure:4859: result: inline
configure:4887: checking for iswprint
configure:4887: gcc -o conftest -g -O2 -fdebug-prefix-map=/home/craigyang/workplace/hpe_work/package/hello/hello=. -fstack-protector-strong -Wformat -Werror=format-security -Wdate-time -D_FORTIFY_SOURCE=2 -Wl,-Bsymbolic-functions -Wl,-z,relro conftest.c  >&5
conftest.c:58:6: warning: conflicting types for built-in function 'iswprint'; expected 'int(unsigned int)' [-Wbuiltin-declaration-mismatch]
   58 | char iswprint ();
      |      ^~~~~~~~
conftest.c:46:1: note: 'iswprint' is declared in header '<wctype.h>'
   45 | # include <limits.h>
   46 | #else
configure:4887: $? = 0
configure:4887: result: yes
configure:4887: checking for mbsinit
configure:4887: gcc -o conftest -g -O2 -fdebug-prefix-map=/home/craigyang/workplace/hpe_work/package/hello/hello=. -fstack-protector-strong -Wformat -Werror=format-security -Wdate-time -D_FORTIFY_SOURCE=2 -Wl,-Bsymbolic-functions -Wl,-z,relro conftest.c  >&5
configure:4887: $? = 0
configure:4887: result: yes
configure:4900: checking for stdbool.h that conforms to C99
configure:4983: gcc -c -g -O2 -fdebug-prefix-map=/home/craigyang/workplace/hpe_work/package/hello/hello=. -fstack-protector-strong -Wformat -Werror=format-security -Wdate-time -D_FORTIFY_SOURCE=2 conftest.c >&5
configure:4983: $? = 0
configure:4990: result: yes
configure:4992: checking for _Bool
configure:4992: gcc -c -g -O2 -fdebug-prefix-map=/home/craigyang/workplace/hpe_work/package/hello/hello=. -fstack-protector-strong -Wformat -Werror=format-security -Wdate-time -D_FORTIFY_SOURCE=2 conftest.c >&5
configure:4992: $? = 0
configure:4992: gcc -c -g -O2 -fdebug-prefix-map=/home/craigyang/workplace/hpe_work/package/hello/hello=. -fstack-protector-strong -Wformat -Werror=format-security -Wdate-time -D_FORTIFY_SOURCE=2 conftest.c >&5
conftest.c: In function 'main':
conftest.c:73:20: error: expected expression before ')' token
   73 | if (sizeof ((_Bool)))
      |                    ^
configure:4992: $? = 1
configure: failed program was:
| /* confdefs.h */
| #define PACKAGE_NAME "GNU Hello"
| #define PACKAGE_TARNAME "hello"
| #define PACKAGE_VERSION "2.2"
| #define PACKAGE_STRING "GNU Hello 2.2"
| #define PACKAGE_BUGREPORT "bug-hello@gnu.org"
| #define PACKAGE_URL "http://www.gnu.org/software/hello/"
| #define PACKAGE "hello"
| #define VERSION "2.2"
| #define STDC_HEADERS 1
| #define HAVE_SYS_TYPES_H 1
| #define HAVE_SYS_STAT_H 1
| #define HAVE_STDLIB_H 1
| #define HAVE_STRING_H 1
| #define HAVE_MEMORY_H 1
| #define HAVE_STRINGS_H 1
| #define HAVE_INTTYPES_H 1
| #define HAVE_STDINT_H 1
| #define HAVE_UNISTD_H 1
| #define __EXTENSIONS__ 1
| #define _ALL_SOURCE 1
| #define _GNU_SOURCE 1
| #define _POSIX_PTHREAD_SEMANTICS 1
| #define _TANDEM_SOURCE 1
| #define HAVE_DECL_STRERROR_R 1
| #define HAVE_STRERROR_R 1
| #define STRERROR_R_CHAR_P 1
| #define HAVE_STDIO_EXT_H 1
| #define HAVE_WCHAR_H 1
| #define HAVE_WCTYPE_H 1
| #define HAVE_GETOPT_H 1
| #define HAVE_GETOPT_LONG_ONLY 1
| #define HAVE_DECL_GETENV 1
| #define HAVE_ISWPRINT 1
| #define HAVE_MBSINIT 1
| /* end confdefs.h.  */
| #include <stdio.h>
| #ifdef HAVE_SYS_TYPES_H
| # include <sys/types.h>
| #endif
| #ifdef HAVE_SYS_STAT_H
| # include <sys/stat.h>
| #endif
| #ifdef STDC_HEADERS
| # include <stdlib.h>
| # include <stddef.h>
| #else
| # ifdef HAVE_STDLIB_H
| #  include <stdlib.h>
| # endif
| #endif
| #ifdef HAVE_STRING_H
| # if !defined STDC_HEADERS && defined HAVE_MEMORY_H
| #  include <memory.h>
| # endif
| # include <string.h>
| #endif
| #ifdef HAVE_STRINGS_H
| # include <strings.h>
| #endif
| #ifdef HAVE_INTTYPES_H
| # include <inttypes.h>
| #endif
| #ifdef HAVE_STDINT_H
| # include <stdint.h>
| #endif
| #ifdef HAVE_UNISTD_H
| # include <unistd.h>
| #endif
| int
| main ()
| {
| if (sizeof ((_Bool)))
| 	    return 0;
|   ;
|   return 0;
| }
configure:4992: result: yes
configure:5037: checking for error_at_line
configure:5053: gcc -o conftest -g -O2 -fdebug-prefix-map=/home/craigyang/workplace/hpe_work/package/hello/hello=. -fstack-protector-strong -Wformat -Werror=format-security -Wdate-time -D_FORTIFY_SOURCE=2 -Wl,-Bsymbolic-functions -Wl,-z,relro conftest.c  >&5
configure:5053: $? = 0
configure:5061: result: yes
configure:5081: checking for __fpending
configure:5081: gcc -o conftest -g -O2 -fdebug-prefix-map=/home/craigyang/workplace/hpe_work/package/hello/hello=. -fstack-protector-strong -Wformat -Werror=format-security -Wdate-time -D_FORTIFY_SOURCE=2 -Wl,-Bsymbolic-functions -Wl,-z,relro conftest.c  >&5
configure:5081: $? = 0
configure:5081: result: yes
configure:5098: checking whether __fpending is declared
configure:5098: gcc -c -g -O2 -fdebug-prefix-map=/home/craigyang/workplace/hpe_work/package/hello/hello=. -fstack-protector-strong -Wformat -Werror=format-security -Wdate-time -D_FORTIFY_SOURCE=2 conftest.c >&5
configure:5098: $? = 0
configure:5098: result: yes
configure:5202: checking whether the compiler generally respects inline
configure:5223: gcc -c -g -O2 -fdebug-prefix-map=/home/craigyang/workplace/hpe_work/package/hello/hello=. -fstack-protector-strong -Wformat -Werror=format-security -Wdate-time -D_FORTIFY_SOURCE=2 conftest.c >&5
configure:5223: $? = 0
configure:5232: result: yes
configure:5245: checking for mbstate_t
configure:5262: gcc -c -g -O2 -fdebug-prefix-map=/home/craigyang/workplace/hpe_work/package/hello/hello=. -fstack-protector-strong -Wformat -Werror=format-security -Wdate-time -D_FORTIFY_SOURCE=2 conftest.c >&5
configure:5262: $? = 0
configure:5269: result: yes
configure:5281: checking whether mbrtowc and mbstate_t are properly declared
configure:5301: gcc -o conftest -g -O2 -fdebug-prefix-map=/home/craigyang/workplace/hpe_work/package/hello/hello=. -fstack-protector-strong -Wformat -Werror=format-security -Wdate-time -D_FORTIFY_SOURCE=2 -Wl,-Bsymbolic-functions -Wl,-z,relro conftest.c  >&5
configure:5301: $? = 0
configure:5309: result: yes
configure:5340: checking for unistd.h
configure:5340: result: yes
configure:5402: checking whether NLS is requested
configure:5411: result: yes
configure:5449: checking for msgfmt
configure: trying /bin/msgfmt...
0 translated messages.
configure:5481: result: /bin/msgfmt
configure:5490: checking for gmsgfmt
configure:5521: result: /bin/msgfmt
configure:5572: checking for xgettext
configure: trying /bin/xgettext...
/bin/xgettext: warning: file '/dev/null' extension '' is unknown; will try C
configure:5604: result: /bin/xgettext
configure:5650: checking for msgmerge
configure: trying /bin/msgmerge...
configure:5681: result: /bin/msgmerge
configure:5735: checking for ld used by GCC
configure:5799: result: /bin/ld
configure:5806: checking if the linker (/bin/ld) is GNU ld
configure:5819: result: yes
configure:5826: checking for shared library run path origin
configure:5839: result: done
configure:6299: checking for CFPreferencesCopyAppValue
configure:6317: gcc -o conftest -g -O2 -fdebug-prefix-map=/home/craigyang/workplace/hpe_work/package/hello/hello=. -fstack-protector-strong -Wformat -Werror=format-security -Wdate-time -D_FORTIFY_SOURCE=2 -Wl,-Bsymbolic-functions -Wl,-z,relro conftest.c  -Wl,-framework -Wl,CoreFoundation >&5
conftest.c:46:10: fatal error: CoreFoundation/CFPreferences.h: No such file or directory
   46 | #include <CoreFoundation/CFPreferences.h>
      |          ^~~~~~~~~~~~~~~~~~~~~~~~~~~~~~~~
compilation terminated.
configure:6317: $? = 1
configure: failed program was:
| /* confdefs.h */
| #define PACKAGE_NAME "GNU Hello"
| #define PACKAGE_TARNAME "hello"
| #define PACKAGE_VERSION "2.2"
| #define PACKAGE_STRING "GNU Hello 2.2"
| #define PACKAGE_BUGREPORT "bug-hello@gnu.org"
| #define PACKAGE_URL "http://www.gnu.org/software/hello/"
| #define PACKAGE "hello"
| #define VERSION "2.2"
| #define STDC_HEADERS 1
| #define HAVE_SYS_TYPES_H 1
| #define HAVE_SYS_STAT_H 1
| #define HAVE_STDLIB_H 1
| #define HAVE_STRING_H 1
| #define HAVE_MEMORY_H 1
| #define HAVE_STRINGS_H 1
| #define HAVE_INTTYPES_H 1
| #define HAVE_STDINT_H 1
| #define HAVE_UNISTD_H 1
| #define __EXTENSIONS__ 1
| #define _ALL_SOURCE 1
| #define _GNU_SOURCE 1
| #define _POSIX_PTHREAD_SEMANTICS 1
| #define _TANDEM_SOURCE 1
| #define HAVE_DECL_STRERROR_R 1
| #define HAVE_STRERROR_R 1
| #define STRERROR_R_CHAR_P 1
| #define HAVE_STDIO_EXT_H 1
| #define HAVE_WCHAR_H 1
| #define HAVE_WCTYPE_H 1
| #define HAVE_GETOPT_H 1
| #define HAVE_GETOPT_LONG_ONLY 1
| #define HAVE_DECL_GETENV 1
| #define HAVE_ISWPRINT 1
| #define HAVE_MBSINIT 1
| #define HAVE__BOOL 1
| #define HAVE_STDBOOL_H 1
| #define GNULIB_CLOSE_STREAM 1
| #define HAVE___FPENDING 1
| #define HAVE_DECL___FPENDING 1
| #define HAVE_INLINE 1
| #define HAVE_MBSTATE_T 1
| #define HAVE_MBRTOWC 1
| #define HAVE_UNISTD_H 1
| /* end confdefs.h.  */
| #include <CoreFoundation/CFPreferences.h>
| int
| main ()
| {
| CFPreferencesCopyAppValue(NULL, NULL)
|   ;
|   return 0;
| }
configure:6326: result: no
configure:6333: checking for CFLocaleCopyCurrent
configure:6351: gcc -o conftest -g -O2 -fdebug-prefix-map=/home/craigyang/workplace/hpe_work/package/hello/hello=. -fstack-protector-strong -Wformat -Werror=format-security -Wdate-time -D_FORTIFY_SOURCE=2 -Wl,-Bsymbolic-functions -Wl,-z,relro conftest.c  -Wl,-framework -Wl,CoreFoundation >&5
conftest.c:46:10: fatal error: CoreFoundation/CFLocale.h: No such file or directory
   46 | #include <CoreFoundation/CFLocale.h>
      |          ^~~~~~~~~~~~~~~~~~~~~~~~~~~
compilation terminated.
configure:6351: $? = 1
configure: failed program was:
| /* confdefs.h */
| #define PACKAGE_NAME "GNU Hello"
| #define PACKAGE_TARNAME "hello"
| #define PACKAGE_VERSION "2.2"
| #define PACKAGE_STRING "GNU Hello 2.2"
| #define PACKAGE_BUGREPORT "bug-hello@gnu.org"
| #define PACKAGE_URL "http://www.gnu.org/software/hello/"
| #define PACKAGE "hello"
| #define VERSION "2.2"
| #define STDC_HEADERS 1
| #define HAVE_SYS_TYPES_H 1
| #define HAVE_SYS_STAT_H 1
| #define HAVE_STDLIB_H 1
| #define HAVE_STRING_H 1
| #define HAVE_MEMORY_H 1
| #define HAVE_STRINGS_H 1
| #define HAVE_INTTYPES_H 1
| #define HAVE_STDINT_H 1
| #define HAVE_UNISTD_H 1
| #define __EXTENSIONS__ 1
| #define _ALL_SOURCE 1
| #define _GNU_SOURCE 1
| #define _POSIX_PTHREAD_SEMANTICS 1
| #define _TANDEM_SOURCE 1
| #define HAVE_DECL_STRERROR_R 1
| #define HAVE_STRERROR_R 1
| #define STRERROR_R_CHAR_P 1
| #define HAVE_STDIO_EXT_H 1
| #define HAVE_WCHAR_H 1
| #define HAVE_WCTYPE_H 1
| #define HAVE_GETOPT_H 1
| #define HAVE_GETOPT_LONG_ONLY 1
| #define HAVE_DECL_GETENV 1
| #define HAVE_ISWPRINT 1
| #define HAVE_MBSINIT 1
| #define HAVE__BOOL 1
| #define HAVE_STDBOOL_H 1
| #define GNULIB_CLOSE_STREAM 1
| #define HAVE___FPENDING 1
| #define HAVE_DECL___FPENDING 1
| #define HAVE_INLINE 1
| #define HAVE_MBSTATE_T 1
| #define HAVE_MBRTOWC 1
| #define HAVE_UNISTD_H 1
| /* end confdefs.h.  */
| #include <CoreFoundation/CFLocale.h>
| int
| main ()
| {
| CFLocaleCopyCurrent();
|   ;
|   return 0;
| }
configure:6360: result: no
configure:6409: checking for GNU gettext in libc
configure:6429: gcc -o conftest -g -O2 -fdebug-prefix-map=/home/craigyang/workplace/hpe_work/package/hello/hello=. -fstack-protector-strong -Wformat -Werror=format-security -Wdate-time -D_FORTIFY_SOURCE=2 -Wl,-Bsymbolic-functions -Wl,-z,relro conftest.c  >&5
configure:6429: $? = 0
configure:6438: result: yes
configure:7047: checking whether to use NLS
configure:7049: result: yes
configure:7052: checking where the gettext function comes from
configure:7063: result: libc
configure:7224: checking that generated files are newer than configure
configure:7230: result: done
configure:7273: creating ./config.status

## ---------------------- ##
## Running config.status. ##
## ---------------------- ##

This file was extended by GNU Hello config.status 2.2, which was
generated by GNU Autoconf 2.69.  Invocation command line was

  CONFIG_FILES    = 
  CONFIG_HEADERS  = 
  CONFIG_LINKS    = 
  CONFIG_COMMANDS = 
  $ ./config.status 

on craigyang-virtual-machine

config.status:929: creating Makefile
config.status:929: creating contrib/Makefile
config.status:929: creating doc/Makefile
config.status:929: creating gnulib/lib/Makefile
config.status:929: creating man/Makefile
config.status:929: creating po/Makefile.in
config.status:929: creating src/Makefile
config.status:929: creating tests/Makefile
config.status:929: creating config.h
config.status:1158: executing depfiles commands
config.status:1158: executing po-directories commands
configure:8716: WARNING: unrecognized options: --disable-maintainer-mode

## ---------------- ##
## Cache variables. ##
## ---------------- ##

ac_cv_build=x86_64-pc-linux-gnu
ac_cv_c_compiler_gnu=yes
ac_cv_c_inline=inline
ac_cv_env_CC_set=
ac_cv_env_CC_value=
ac_cv_env_CFLAGS_set=set
ac_cv_env_CFLAGS_value='-g -O2 -fdebug-prefix-map=/home/craigyang/workplace/hpe_work/package/hello/hello=. -fstack-protector-strong -Wformat -Werror=format-security'
ac_cv_env_CPPFLAGS_set=set
ac_cv_env_CPPFLAGS_value='-Wdate-time -D_FORTIFY_SOURCE=2'
ac_cv_env_CPP_set=
ac_cv_env_CPP_value=
ac_cv_env_LDFLAGS_set=set
ac_cv_env_LDFLAGS_value='-Wl,-Bsymbolic-functions -Wl,-z,relro'
ac_cv_env_LIBS_set=
ac_cv_env_LIBS_value=
ac_cv_env_build_alias_set=set
ac_cv_env_build_alias_value=x86_64-linux-gnu
ac_cv_env_host_alias_set=
ac_cv_env_host_alias_value=
ac_cv_env_target_alias_set=
ac_cv_env_target_alias_value=
ac_cv_func___fpending=yes
ac_cv_func_getopt_long_only=yes
ac_cv_func_iswprint=yes
ac_cv_func_mbsinit=yes
ac_cv_func_strerror_r=yes
ac_cv_func_strerror_r_char_p=yes
ac_cv_have_decl___fpending=yes
ac_cv_have_decl_getenv=yes
ac_cv_have_decl_optreset=no
ac_cv_have_decl_strerror_r=yes
ac_cv_header_getopt_h=yes
ac_cv_header_inttypes_h=yes
ac_cv_header_memory_h=yes
ac_cv_header_minix_config_h=no
ac_cv_header_stdbool_h=yes
ac_cv_header_stdc=yes
ac_cv_header_stdint_h=yes
ac_cv_header_stdio_ext_h=yes
ac_cv_header_stdlib_h=yes
ac_cv_header_string_h=yes
ac_cv_header_strings_h=yes
ac_cv_header_sys_stat_h=yes
ac_cv_header_sys_types_h=yes
ac_cv_header_unistd_h=yes
ac_cv_header_wchar_h=yes
ac_cv_header_wctype_h=yes
ac_cv_host=x86_64-pc-linux-gnu
ac_cv_lib_error_at_line=yes
ac_cv_objext=o
ac_cv_path_EGREP='/bin/grep -E'
ac_cv_path_GMSGFMT=/bin/msgfmt
ac_cv_path_GREP=/bin/grep
ac_cv_path_MSGFMT=/bin/msgfmt
ac_cv_path_MSGMERGE=/bin/msgmerge
ac_cv_path_XGETTEXT=/bin/xgettext
ac_cv_path_install='/bin/install -c'
ac_cv_path_mkdir=/bin/mkdir
ac_cv_prog_AWK=gawk
ac_cv_prog_CPP='gcc -E'
ac_cv_prog_ac_ct_CC=gcc
ac_cv_prog_ac_ct_RANLIB=ranlib
ac_cv_prog_cc_c89=
ac_cv_prog_cc_g=yes
ac_cv_prog_make_make_set=yes
ac_cv_safe_to_define___extensions__=yes
ac_cv_type__Bool=yes
ac_cv_type_mbstate_t=yes
acl_cv_hardcode_direct=no
acl_cv_hardcode_libdir_flag_spec='${wl}-rpath ${wl}$libdir'
acl_cv_hardcode_libdir_separator=
acl_cv_hardcode_minus_L=no
acl_cv_libext=a
acl_cv_path_LD=/bin/ld
acl_cv_prog_gnu_ld=yes
acl_cv_rpath=done
acl_cv_shlibext=so
acl_cv_wl=-Wl,
am_cv_CC_dependencies_compiler_type=none
am_cv_make_support_nested_variables=yes
am_cv_prog_cc_c_o=yes
gl_cv_c_inline_effective=yes
gl_cv_func_gnu_getopt=yes
gl_cv_func_mbrtowc=yes
gt_cv_func_CFLocaleCopyCurrent=no
gt_cv_func_CFPreferencesCopyAppValue=no
gt_cv_func_gnugettext1_libc=yes

## ----------------- ##
## Output variables. ##
## ----------------- ##

ACLOCAL='${SHELL} /home/craigyang/workplace/hpe_work/package/hello/hello/build-aux/missing aclocal-1.16'
AMDEPBACKSLASH=''
AMDEP_FALSE=''
AMDEP_TRUE='#'
AMTAR='$${TAR-tar}'
AM_BACKSLASH='\'
AM_DEFAULT_V='$(AM_DEFAULT_VERBOSITY)'
AM_DEFAULT_VERBOSITY='1'
AM_V='$(V)'
AUTOCONF='${SHELL} /home/craigyang/workplace/hpe_work/package/hello/hello/build-aux/missing autoconf'
AUTOHEADER='${SHELL} /home/craigyang/workplace/hpe_work/package/hello/hello/build-aux/missing autoheader'
AUTOMAKE='${SHELL} /home/craigyang/workplace/hpe_work/package/hello/hello/build-aux/missing automake-1.16'
AWK='gawk'
CC='gcc'
CCDEPMODE='depmode=none'
CFLAGS='-g -O2 -fdebug-prefix-map=/home/craigyang/workplace/hpe_work/package/hello/hello=. -fstack-protector-strong -Wformat -Werror=format-security'
CPP='gcc -E'
CPPFLAGS='-Wdate-time -D_FORTIFY_SOURCE=2'
CYGPATH_W='echo'
DEFS='-DHAVE_CONFIG_H'
DEPDIR='.deps'
ECHO_C=''
ECHO_N='-n'
ECHO_T=''
EGREP='/bin/grep -E'
EXEEXT=''
GETOPT_H=''
GL_COND_LIBTOOL_FALSE=''
GL_COND_LIBTOOL_TRUE='#'
GMSGFMT='/bin/msgfmt'
GMSGFMT_015='/bin/msgfmt'
GREP='/bin/grep'
HAVE__BOOL='1'
HELP2MAN='${SHELL} /home/craigyang/workplace/hpe_work/package/hello/hello/build-aux/missing help2man'
INSTALL_DATA='${INSTALL} -m 644'
INSTALL_PROGRAM='${INSTALL}'
INSTALL_SCRIPT='${INSTALL}'
INSTALL_STRIP_PROGRAM='$(install_sh) -c -s'
INTLLIBS=''
INTL_MACOSX_LIBS=''
LDFLAGS='-Wl,-Bsymbolic-functions -Wl,-z,relro'
LIBGNU_LIBDEPS=''
LIBGNU_LTLIBDEPS=''
LIBICONV='-liconv'
LIBINTL=''
LIBOBJS=''
LIBS=''
LTLIBICONV='-liconv'
LTLIBINTL=''
LTLIBOBJS=''
MAKEINFO='${SHELL} /home/craigyang/workplace/hpe_work/package/hello/hello/build-aux/missing makeinfo'
MKDIR_P='/bin/mkdir -p'
MSGFMT='/bin/msgfmt'
MSGFMT_015='/bin/msgfmt'
MSGMERGE='/bin/msgmerge'
OBJEXT='o'
PACKAGE='hello'
PACKAGE_BUGREPORT='bug-hello@gnu.org'
PACKAGE_NAME='GNU Hello'
PACKAGE_STRING='GNU Hello 2.2'
PACKAGE_TARNAME='hello'
PACKAGE_URL='http://www.gnu.org/software/hello/'
PACKAGE_VERSION='2.2'
PATH_SEPARATOR=':'
POSUB='po'
RANLIB='ranlib'
SET_MAKE=''
SHELL='/bin/bash'
STDBOOL_H=''
STRIP=''
UNISTD_H=''
USE_NLS='yes'
VERSION='2.2'
XGETTEXT='/bin/xgettext'
XGETTEXT_015='/bin/xgettext'
ac_ct_CC='gcc'
am__EXEEXT_FALSE=''
am__EXEEXT_TRUE='#'
am__fastdepCC_FALSE=''
am__fastdepCC_TRUE='#'
am__include='include'
am__isrc=''
am__leading_dot='.'
am__nodep=''
am__quote=''
am__tar='$${TAR-tar} chof - "$$tardir"'
am__untar='$${TAR-tar} xf -'
bindir='${exec_prefix}/bin'
build='x86_64-pc-linux-gnu'
build_alias='x86_64-linux-gnu'
build_cpu='x86_64'
build_os='linux-gnu'
build_vendor='pc'
datadir='${datarootdir}'
datarootdir='${prefix}/share'
docdir='${datarootdir}/doc/${PACKAGE_TARNAME}'
dvidir='${docdir}'
exec_prefix='${prefix}'
gl_LIBOBJS=' close-stream.o closeout.o exitfail.o quotearg.o xmalloc.o'
gl_LTLIBOBJS=' close-stream.lo closeout.lo exitfail.lo quotearg.lo xmalloc.lo'
host='x86_64-pc-linux-gnu'
host_alias=''
host_cpu='x86_64'
host_os='linux-gnu'
host_vendor='pc'
htmldir='${docdir}'
includedir='${prefix}/include'
infodir='${prefix}/share/info'
install_sh='${SHELL} /home/craigyang/workplace/hpe_work/package/hello/hello/build-aux/install-sh'
libdir='${prefix}/lib/x86_64-linux-gnu'
libexecdir='${exec_prefix}/libexec'
localedir='${datarootdir}/locale'
localstatedir='/var'
mandir='${prefix}/share/man'
mkdir_p='/bin/mkdir -p'
oldincludedir='/usr/include'
pdfdir='${docdir}'
prefix='/usr'
program_transform_name='s,x,x,'
psdir='${docdir}'
runstatedir='/run'
sbindir='${exec_prefix}/sbin'
sharedstatedir='${prefix}/com'
sysconfdir='/etc'
target_alias=''

## ----------- ##
## confdefs.h. ##
## ----------- ##

/* confdefs.h */
#define PACKAGE_NAME "GNU Hello"
#define PACKAGE_TARNAME "hello"
#define PACKAGE_VERSION "2.2"
#define PACKAGE_STRING "GNU Hello 2.2"
#define PACKAGE_BUGREPORT "bug-hello@gnu.org"
#define PACKAGE_URL "http://www.gnu.org/software/hello/"
#define PACKAGE "hello"
#define VERSION "2.2"
#define STDC_HEADERS 1
#define HAVE_SYS_TYPES_H 1
#define HAVE_SYS_STAT_H 1
#define HAVE_STDLIB_H 1
#define HAVE_STRING_H 1
#define HAVE_MEMORY_H 1
#define HAVE_STRINGS_H 1
#define HAVE_INTTYPES_H 1
#define HAVE_STDINT_H 1
#define HAVE_UNISTD_H 1
#define __EXTENSIONS__ 1
#define _ALL_SOURCE 1
#define _GNU_SOURCE 1
#define _POSIX_PTHREAD_SEMANTICS 1
#define _TANDEM_SOURCE 1
#define HAVE_DECL_STRERROR_R 1
#define HAVE_STRERROR_R 1
#define STRERROR_R_CHAR_P 1
#define HAVE_STDIO_EXT_H 1
#define HAVE_WCHAR_H 1
#define HAVE_WCTYPE_H 1
#define HAVE_GETOPT_H 1
#define HAVE_GETOPT_LONG_ONLY 1
#define HAVE_DECL_GETENV 1
#define HAVE_ISWPRINT 1
#define HAVE_MBSINIT 1
#define HAVE__BOOL 1
#define HAVE_STDBOOL_H 1
#define GNULIB_CLOSE_STREAM 1
#define HAVE___FPENDING 1
#define HAVE_DECL___FPENDING 1
#define HAVE_INLINE 1
#define HAVE_MBSTATE_T 1
#define HAVE_MBRTOWC 1
#define HAVE_UNISTD_H 1
#define ENABLE_NLS 1
#define HAVE_GETTEXT 1
#define HAVE_DCGETTEXT 1

configure: exit 0
